<?xml version="1.0" encoding="UTF-8"?>
<!-- Generated by org.testng.reporters.JUnitXMLReporter -->
<testsuite ignored="0" hostname="Anand-Rajendiran" failures="0" tests="6" name="LoginTests" time="14.805" errors="0" timestamp="2025-10-17T17:27:18 IST">
  <testcase classname="testCases.TestCaseLogin" name="login_With_Valid_Creadtial" time="3.694"/>
  <testcase classname="testCases.TestCaseLogin" name="login_With_InValid_Credential_in_Password" time="1.954"/>
  <testcase classname="testCases.TestCaseLogin" name="login_With_InValid_Credential_in_username" time="1.28"/>
  <testcase classname="testCases.TestCaseLogin" name="BrandLogo" time="0.028"/>
  <testcase classname="testCases.TestCaseLogin" name="ForgotPassword" time="1.239"/>
  <testcase classname="testCases.TestCaseLogin" name="Resetpassword" time="1.207"/>
</testsuite> <!-- LoginTests -->
