<?xml version="1.0" encoding="UTF-8"?>
<!-- Generated by org.testng.reporters.JUnitXMLReporter -->
<testsuite ignored="0" hostname="Anand-Rajendiran" failures="0" tests="6" name="LoginTests" time="17.943" errors="0" timestamp="2025-10-16T22:17:05 IST">
  <testcase classname="testCases.TestCaseLogin" name="login_With_Valid_Creadtial" time="4.176"/>
  <testcase classname="testCases.TestCaseLogin" name="login_With_InValid_Credential_in_Password" time="2.044"/>
  <testcase classname="testCases.TestCaseLogin" name="login_With_InValid_Credential_in_username" time="1.45"/>
  <testcase classname="testCases.TestCaseLogin" name="BrandLogo" time="0.031"/>
  <testcase classname="testCases.TestCaseLogin" name="ForgotPassword" time="2.332"/>
  <testcase classname="testCases.TestCaseLogin" name="Resetpassword" time="1.414"/>
</testsuite> <!-- LoginTests -->
