<?xml version="1.0" encoding="UTF-8"?>
<!-- Generated by org.testng.reporters.JUnitXMLReporter -->
<testsuite ignored="0" hostname="Anand-Rajendiran" failures="0" tests="6" name="Default test" time="17.001" errors="0" timestamp="2025-10-17T17:53:18 IST">
  <testcase classname="testCases.TestCaseLogin" name="login_With_Valid_Creadtial" time="5.43"/>
  <testcase classname="testCases.TestCaseLogin" name="login_With_InValid_Credential_in_Password" time="1.95"/>
  <testcase classname="testCases.TestCaseLogin" name="login_With_InValid_Credential_in_username" time="1.511"/>
  <testcase classname="testCases.TestCaseLogin" name="BrandLogo" time="0.027"/>
  <testcase classname="testCases.TestCaseLogin" name="ForgotPassword" time="1.371"/>
  <testcase classname="testCases.TestCaseLogin" name="Resetpassword" time="1.809"/>
</testsuite> <!-- Default test -->
