<?xml version="1.0" encoding="UTF-8"?>
<!-- Generated by org.testng.reporters.JUnitXMLReporter -->
<testsuite ignored="0" hostname="Anand-Rajendiran" failures="1" tests="11" name="Test" time="149.208" errors="0" timestamp="2025-10-16T12:21:19 IST">
  <testcase classname="testCases.TestCasePIM" name="AddEmployee" time="10.525"/>
  <testcase classname="testCases.TestCasePIM" name="DeleteEmployeeRecord" time="8.857"/>
  <testcase classname="testCases.TestCaseProfile" name="ProfilePage" time="15.605">
    <failure type="org.openqa.selenium.ElementClickInterceptedException" message="element click intercepted: Element &amp;lt;i data-v-bddebfba=&amp;quot;&amp;quot; data-v-67d2aedf=&amp;quot;&amp;quot; class=&amp;quot;oxd-icon bi-caret-down-fill oxd-select-text--arrow&amp;quot;&amp;gt;&amp;lt;/i&amp;gt; is not clickable at point (813, 82). Other element would receive the click: &amp;lt;ul data-v-5327b38a=&amp;quot;&amp;quot;&amp;gt;...&amp;lt;/ul&amp;gt;
  (Session info: chrome=141.0.7390.56)
Build info: version: &amp;apos;4.35.0&amp;apos;, revision: &amp;apos;1c58e5028b&amp;apos;
System info: os.name: &amp;apos;Windows 11&amp;apos;, os.arch: &amp;apos;amd64&amp;apos;, os.version: &amp;apos;10.0&amp;apos;, java.version: &amp;apos;21.0.7&amp;apos;
Driver info: org.openqa.selenium.chrome.ChromeDriver
Command: [9e6db83f0daec01897eed239dcc48f93, clickElement {id=f.7C1CEDA66F8AACCDBCCDBFDD22E13231.d.6D1A3B8F5220B4F55A6FCDCD9F6E0B84.e.113}]
Capabilities {acceptInsecureCerts: false, browserName: chrome, browserVersion: 141.0.7390.56, chrome: {chromedriverVersion: 141.0.7390.78 (2b53b0e231fc..., userDataDir: C:\Users\Anand\AppData\Loca...}, fedcm:accounts: true, goog:chromeOptions: {debuggerAddress: localhost:49882}, networkConnectionEnabled: false, pageLoadStrategy: normal, platformName: windows, proxy: Proxy(), se:cdp: ws://localhost:49882/devtoo..., se:cdpVersion: 141.0.7390.56, setWindowRect: true, strictFileInteractability: false, timeouts: {implicit: 0, pageLoad: 300000, script: 30000}, unhandledPromptBehavior: dismiss and notify, webauthn:extension:credBlob: true, webauthn:extension:largeBlob: true, webauthn:extension:minPinLength: true, webauthn:extension:prf: true, webauthn:virtualAuthenticators: true}
Element: [[ChromeDriver: chrome on windows (9e6db83f0daec01897eed239dcc48f93)] -&amp;gt; xpath: //i[@class=&amp;apos;oxd-icon bi-caret-down-fill oxd-select-text--arrow&amp;apos;][1]]
Session ID: 9e6db83f0daec01897eed239dcc48f93">
      <![CDATA[org.openqa.selenium.ElementClickInterceptedException: element click intercepted: Element <i data-v-bddebfba="" data-v-67d2aedf="" class="oxd-icon bi-caret-down-fill oxd-select-text--arrow"></i> is not clickable at point (813, 82). Other element would receive the click: <ul data-v-5327b38a="">...</ul>
  (Session info: chrome=141.0.7390.56)
Build info: version: '4.35.0', revision: '1c58e5028b'
System info: os.name: 'Windows 11', os.arch: 'amd64', os.version: '10.0', java.version: '21.0.7'
Driver info: org.openqa.selenium.chrome.ChromeDriver
Command: [9e6db83f0daec01897eed239dcc48f93, clickElement {id=f.7C1CEDA66F8AACCDBCCDBFDD22E13231.d.6D1A3B8F5220B4F55A6FCDCD9F6E0B84.e.113}]
Capabilities {acceptInsecureCerts: false, browserName: chrome, browserVersion: 141.0.7390.56, chrome: {chromedriverVersion: 141.0.7390.78 (2b53b0e231fc..., userDataDir: C:\Users\Anand\AppData\Loca...}, fedcm:accounts: true, goog:chromeOptions: {debuggerAddress: localhost:49882}, networkConnectionEnabled: false, pageLoadStrategy: normal, platformName: windows, proxy: Proxy(), se:cdp: ws://localhost:49882/devtoo..., se:cdpVersion: 141.0.7390.56, setWindowRect: true, strictFileInteractability: false, timeouts: {implicit: 0, pageLoad: 300000, script: 30000}, unhandledPromptBehavior: dismiss and notify, webauthn:extension:credBlob: true, webauthn:extension:largeBlob: true, webauthn:extension:minPinLength: true, webauthn:extension:prf: true, webauthn:virtualAuthenticators: true}
Element: [[ChromeDriver: chrome on windows (9e6db83f0daec01897eed239dcc48f93)] -> xpath: //i[@class='oxd-icon bi-caret-down-fill oxd-select-text--arrow'][1]]
Session ID: 9e6db83f0daec01897eed239dcc48f93
at org.openqa.selenium.remote.ErrorCodec.decode(ErrorCodec.java:167)
at org.openqa.selenium.remote.codec.w3c.W3CHttpResponseCodec.decode(W3CHttpResponseCodec.java:138)
at org.openqa.selenium.remote.codec.w3c.W3CHttpResponseCodec.decode(W3CHttpResponseCodec.java:50)
at org.openqa.selenium.remote.HttpCommandExecutor.execute(HttpCommandExecutor.java:215)
at org.openqa.selenium.remote.service.DriverCommandExecutor.invokeExecute(DriverCommandExecutor.java:216)
at org.openqa.selenium.remote.service.DriverCommandExecutor.execute(DriverCommandExecutor.java:174)
at org.openqa.selenium.remote.RemoteWebDriver.execute(RemoteWebDriver.java:557)
at org.openqa.selenium.remote.RemoteWebElement.execute(RemoteWebElement.java:223)
at org.openqa.selenium.remote.RemoteWebElement.click(RemoteWebElement.java:76)
at org.openqa.selenium.support.pagefactory.internal.LocatingElementHandler.invoke(LocatingElementHandler.java:51)
at jdk.proxy2/jdk.proxy2.$Proxy19.click(Unknown Source)
at pageObjects.ProfilePage.Nationality(ProfilePage.java:107)
at testCases.TestCaseProfile.ProfilePage(TestCaseProfile.java:46)
at java.base/java.util.ArrayList.forEach(ArrayList.java:1596)
... Removed 30 stack frames]]>
    </failure>
  </testcase> <!-- ProfilePage -->
  <testcase classname="testCases.TestCaseLogin" name="login_With_Valid_Creadtial" time="4.316"/>
  <testcase classname="testCases.TestCaseLogin" name="login_With_InValid_Credential_in_Password" time="1.936"/>
  <testcase classname="testCases.TestCaseLogin" name="login_With_InValid_Credential_in_username" time="1.3"/>
  <testcase classname="testCases.TestCaseLogin" name="BrandLogo" time="0.037"/>
  <testcase classname="testCases.TestCaseLogin" name="ForgotPassword" time="1.347"/>
  <testcase classname="testCases.TestCaseLogin" name="Resetpassword" time="1.421"/>
  <testcase classname="testCases.TestCaseHomepage" name="HomeScreenProfile" time="8.391"/>
  <testcase classname="testCases.TestCaseHomepage" name="validattionOfSearchbox" time="63.84"/>
</testsuite> <!-- Test -->
